[2025-07-17T00:51:51.586+02:00] [INIT] [YUNA] [CID:ec148938] Logging system initialized
    Context: {"LogFormat":"Structured","OutputTargets":"Console, File","LogVersion":"2.0.0","CorrelationId":"ec148938-2fce-4038-9fba-0e3845533ecf","SessionId":"0166478e-bce3-4ed1-b7b6-a61d926d5923"}
[2025-07-17T00:51:51.644+02:00] [SUCCESS] [YUNA] [CID:ec148938] Enhanced logging system initialized successfully
[2025-07-17T00:51:52.992+02:00] [ERROR] [YUNA] [CID:ec148938] Model mapping JSON not found at: C:\Users\z004ac7v\SW_ImageCreatorFramework\Data\_Sysprep\_YUNA\config.json
    StackTrace: DeviceManagement.psm1 at DeviceManagement.psm1: line 24 -> App.ps1 at App.ps1: line 65 -> <ScriptBlock> at <No file>
[2025-07-17T00:51:53.008+02:00] [SUCCESS] [YUNA] [CID:ec148938] Successfully imported module: DeviceManagement.psm1
    Context: {"ModulePath":"C:\\Users\\z004ac7v\\SW_ImageCreatorFramework\\Data\\_Sysprep\\_YUNA\\Engine\\DeviceManagement.psm1"}
[2025-07-17T00:51:53.055+02:00] [SUCCESS] [YUNA] [CID:ec148938] Successfully imported module: OSSettings.psm1
    Context: {"ModulePath":"C:\\Users\\z004ac7v\\SW_ImageCreatorFramework\\Data\\_Sysprep\\_YUNA\\Engine\\OSSettings.psm1"}
[2025-07-17T00:51:53.142+02:00] [SUCCESS] [YUNA] [CID:ec148938] Successfully imported module: RegistryManagement.psm1
    Context: {"ModulePath":"C:\\Users\\z004ac7v\\SW_ImageCreatorFramework\\Data\\_Sysprep\\_YUNA\\Engine\\RegistryManagement.psm1"}
[2025-07-17T00:51:53.150+02:00] [PERFORMANCE] [YUNA] [CID:ec148938] Performance timer started
    Context: {"OperationName":"YUNA_Total_Execution"}
[2025-07-17T00:51:53.184+02:00] [SUCCESS] [YUNA] [CID:ec148938] Configuration loaded successfully
    Context: {"Debug":true,"Version":"1.000.38","ConfigPath":"C:\\Users\\z004ac7v\\SW_ImageCreatorFramework\\Data\\_Sysprep\\_YUNA\\Engine\\config.json"}
[2025-07-17T00:51:53.216+02:00] [INIT] [YUNA] [CID:ec148938] Initializing YUNA System...
    Context: {"EngineDirectory":"C:\\Users\\z004ac7v\\SW_ImageCreatorFramework\\Data\\_Sysprep\\_YUNA\\Engine","Version":"1.000.38","ExecutionPolicy":1,"Computer":"DINMS6953300","User":"z004ac7v","StartTime":"2025-07-17 00:51:51","PowerShellVersion":"5.1.26100.4202"}
[2025-07-17T00:51:53.234+02:00] [DEBUG] [YUNA] [CID:ec148938] Debug mode enabled
    Context: {"WorkingDirectory":{"Drive":{"CurrentLocation":"Users\\z004ac7v\\SW_ImageCreatorFramework\\Data\\_Sysprep\\_YUNA","Name":"C","Provider":"Microsoft.PowerShell.Core\\FileSystem","Root":"C:\\","Description":"System","MaximumSize":null,"Credential":"System.Management.Automation.PSCredential","DisplayRoot":null},"Provider":{"ImplementingType":"Microsoft.PowerShell.Commands.FileSystemProvider","HelpFile":"System.Management.Automation.dll-Help.xml","Name":"FileSystem","PSSnapIn":"Microsoft.PowerShell.Core","ModuleName":"Microsoft.PowerShell.Core","Module":null,"Description":"","Capabilities":52,"Home":"C:\\Users\\z004ac7v","Drives":"C"},"ProviderPath":"C:\\Users\\z004ac7v\\SW_ImageCreatorFramework\\Data\\_Sysprep\\_YUNA","Path":"C:\\Users\\z004ac7v\\SW_ImageCreatorFramework\\Data\\_Sysprep\\_YUNA"},"YunaRootDirectory":"C:\\Users\\z004ac7v\\SW_ImageCreatorFramework\\Data\\_Sysprep\\_YUNA","ProcessId":16280,"PSVersion":{"Major":5,"Minor":1,"Build":26100,"Revision":4202,"MajorRevision":0,"MinorRevision":4202},"EngineDirectory":"C:\\Users\\z004ac7v\\SW_ImageCreatorFramework\\Data\\_Sysprep\\_YUNA\\Engine","OS":"Microsoft Windows NT 10.0.26100.0"}
[2025-07-17T00:51:54.738+02:00] [DEBUG] [YUNA] [CID:ec148938] System performance metrics gathered
    Context: {"FreeMemoryGB":19.98,"MemoryUsagePercent":37.23,"DiskInfo":{"FreeGB":600.02,"Drive":"C:","UsagePercent":37.05,"SizeGB":953.13},"TotalMemoryGB":31.83,"CPUUsage":0}
[2025-07-17T00:51:54.745+02:00] [PERFORMANCE] [YUNA] [CID:ec148938] Performance timer started
    Context: {"OperationName":"Device_Detection"}
[2025-07-17T00:51:54.775+02:00] [INFO] [YUNA] [CID:ec148938] Device model detected
    Context: {"DeviceModel":"MD-57A"}
[2025-07-17T00:51:54.785+02:00] [PERFORMANCE] [YUNA] [CID:ec148938] Performance timer completed
    Context: {"Duration":"00:00:00.0426292","EndTime":{"value":"\/Date(1752706314785)\/","DisplayHint":2,"DateTime":"Thursday, July 17, 2025 12:51:54 AM"},"StartTime":{"value":"\/Date(1752706314745)\/","DisplayHint":2,"DateTime":"Thursday, July 17, 2025 12:51:54 AM"},"OperationName":"Device_Detection","DurationMs":42}
[2025-07-17T00:51:56.144+02:00] [PERFORMANCE] [YUNA] [CID:ec148938] Performance timer started
    Context: {"OperationName":"Device_Config_Load"}
[2025-07-17T00:51:56.660+02:00] [ERROR] [YUNA] [CID:ec148938] Device configuration not found - unsupported device
    Context: {"DeviceFile":"C:\\Users\\z004ac7v\\SW_ImageCreatorFramework\\Data\\_Sysprep\\_YUNA\\Devices\\MD-57A.json","AvailableDevices":["RW-5x8A","xX-39B"],"DeviceModel":"MD-57A"}
    StackTrace: Write-LogError at Logging.psm1: line 398 -> App.ps1 at App.ps1: line 163 -> <ScriptBlock> at <No file>
