[2025-07-17T00:53:44.688+02:00] [INIT] [YUNA] [CID:878fbc4b] Logging system initialized successfully
    Context: {"LogFormat":"Structured","OutputTargets":"Console, File","LogVersion":"2.0.1","CorrelationId":"878fbc4b-1631-425d-a4d1-87faec54fc66","SessionId":"2d40411a-16c9-4a48-bd7f-c6f6081aca88"}
[2025-07-17T00:53:44.738+02:00] [SUCCESS] [YUNA] [CID:878fbc4b] Enhanced logging system initialized successfully
[2025-07-17T00:53:44.781+02:00] [ERROR] [YUNA] [CID:878fbc4b] Model mapping JSON not found at: C:\Users\z004ac7v\SW_ImageCreatorFramework\Data\_Sysprep\_YUNA\config.json
    StackTrace: DeviceManagement.psm1 at DeviceManagement.psm1: line 24 -> App.ps1 at App.ps1: line 65 -> <ScriptBlock> at <No file>
[2025-07-17T00:53:44.792+02:00] [SUCCESS] [YUNA] [CID:878fbc4b] Successfully imported module: DeviceManagement.psm1
    Context: {"ModulePath":"C:\\Users\\z004ac7v\\SW_ImageCreatorFramework\\Data\\_Sysprep\\_YUNA\\Engine\\DeviceManagement.psm1"}
[2025-07-17T00:53:44.809+02:00] [SUCCESS] [YUNA] [CID:878fbc4b] Successfully imported module: OSSettings.psm1
    Context: {"ModulePath":"C:\\Users\\z004ac7v\\SW_ImageCreatorFramework\\Data\\_Sysprep\\_YUNA\\Engine\\OSSettings.psm1"}
[2025-07-17T00:53:44.827+02:00] [SUCCESS] [YUNA] [CID:878fbc4b] Successfully imported module: RegistryManagement.psm1
    Context: {"ModulePath":"C:\\Users\\z004ac7v\\SW_ImageCreatorFramework\\Data\\_Sysprep\\_YUNA\\Engine\\RegistryManagement.psm1"}
[2025-07-17T00:53:44.844+02:00] [PERFORMANCE] [YUNA] [CID:878fbc4b] Performance timer started
    Context: {"OperationName":"YUNA_Total_Execution"}
[2025-07-17T00:53:44.859+02:00] [SUCCESS] [YUNA] [CID:878fbc4b] Configuration loaded successfully
    Context: {"Debug":true,"Version":"1.000.38","ConfigPath":"C:\\Users\\z004ac7v\\SW_ImageCreatorFramework\\Data\\_Sysprep\\_YUNA\\Engine\\config.json"}
[2025-07-17T00:53:44.887+02:00] [INIT] [YUNA] [CID:878fbc4b] Initializing YUNA System...
    Context: {"EngineDirectory":"C:\\Users\\z004ac7v\\SW_ImageCreatorFramework\\Data\\_Sysprep\\_YUNA\\Engine","Version":"1.000.38","ExecutionPolicy":1,"Computer":"DINMS6953300","User":"z004ac7v","StartTime":"2025-07-17 00:53:44","PowerShellVersion":"5.1.26100.4202"}
[2025-07-17T00:53:44.903+02:00] [DEBUG] [YUNA] [CID:878fbc4b] Debug mode enabled
    Context: {"WorkingDirectory":{"Drive":{"CurrentLocation":"Users\\z004ac7v\\SW_ImageCreatorFramework\\Data\\_Sysprep\\_YUNA","Name":"C","Provider":"Microsoft.PowerShell.Core\\FileSystem","Root":"C:\\","Description":"System","MaximumSize":null,"Credential":"System.Management.Automation.PSCredential","DisplayRoot":null},"Provider":{"ImplementingType":"Microsoft.PowerShell.Commands.FileSystemProvider","HelpFile":"System.Management.Automation.dll-Help.xml","Name":"FileSystem","PSSnapIn":"Microsoft.PowerShell.Core","ModuleName":"Microsoft.PowerShell.Core","Module":null,"Description":"","Capabilities":52,"Home":"C:\\Users\\z004ac7v","Drives":"C"},"ProviderPath":"C:\\Users\\z004ac7v\\SW_ImageCreatorFramework\\Data\\_Sysprep\\_YUNA","Path":"C:\\Users\\z004ac7v\\SW_ImageCreatorFramework\\Data\\_Sysprep\\_YUNA"},"YunaRootDirectory":"C:\\Users\\z004ac7v\\SW_ImageCreatorFramework\\Data\\_Sysprep\\_YUNA","ProcessId":10988,"PSVersion":{"Major":5,"Minor":1,"Build":26100,"Revision":4202,"MajorRevision":0,"MinorRevision":4202},"EngineDirectory":"C:\\Users\\z004ac7v\\SW_ImageCreatorFramework\\Data\\_Sysprep\\_YUNA\\Engine","OS":"Microsoft Windows NT 10.0.26100.0"}
[2025-07-17T00:53:46.311+02:00] [DEBUG] [YUNA] [CID:878fbc4b] System performance metrics gathered
    Context: {"FreeMemoryGB":19.87,"MemoryUsagePercent":37.57,"DiskInfo":{"FreeGB":600.02,"Drive":"C:","UsagePercent":37.05,"SizeGB":953.13},"TotalMemoryGB":31.83,"CPUUsage":0.05}
[2025-07-17T00:53:46.313+02:00] [PERFORMANCE] [YUNA] [CID:878fbc4b] Performance timer started
    Context: {"OperationName":"Device_Detection"}
[2025-07-17T00:53:46.346+02:00] [INFO] [YUNA] [CID:878fbc4b] Device model detected
    Context: {"DeviceModel":"MD-57A"}
[2025-07-17T00:53:46.362+02:00] [PERFORMANCE] [YUNA] [CID:878fbc4b] Performance timer completed
    Context: {"Duration":"00:00:00.0472731","EndTime":{"value":"\/Date(1752706426362)\/","DisplayHint":2,"DateTime":"Thursday, July 17, 2025 12:53:46 AM"},"StartTime":{"value":"\/Date(1752706426313)\/","DisplayHint":2,"DateTime":"Thursday, July 17, 2025 12:53:46 AM"},"OperationName":"Device_Detection","DurationMs":47}
[2025-07-17T00:53:46.382+02:00] [PERFORMANCE] [YUNA] [CID:878fbc4b] Performance timer started
    Context: {"OperationName":"Device_Config_Load"}
[2025-07-17T00:53:46.403+02:00] [ERROR] [YUNA] [CID:878fbc4b] Device configuration not found - unsupported device
    Context: {"DeviceFile":"C:\\Users\\z004ac7v\\SW_ImageCreatorFramework\\Data\\_Sysprep\\_YUNA\\Devices\\MD-57A.json","AvailableDevices":["RW-5x8A","xX-39B"],"DeviceModel":"MD-57A"}
    StackTrace: Write-LogError at Logging.psm1: line 438 -> App.ps1 at App.ps1: line 163 -> <ScriptBlock> at <No file>
